<?xml version="1.0" encoding="UTF-8"?>
<!-- Generated by org.testng.reporters.JUnitReportReporter -->
<testsuite hostname="kuba-Komputer" name="tests.DropBox" tests="1" failures="0" timestamp="23 Feb 2015 17:20:58 GMT" time="25.163" errors="0">
  <testcase name="testDrop" time="25.163" classname="tests.DropBox"/>
</testsuite> <!-- tests.DropBox -->
